This file contains any messages produced by compilers while
running configure, to aid debugging if configure makes a mistake.

It was created by HTK configure 3.4.1, which was
generated by GNU Autoconf 2.61.  Invocation command line was

  $ ./configure --without-x --disable-hslab

## --------- ##
## Platform. ##
## --------- ##

hostname = asimov-5.svail.baidu.com
uname -m = x86_64
uname -r = 4.15.0-46-generic
uname -s = Linux
uname -v = #49-Ubuntu SMP Wed Feb 6 09:33:07 UTC 2019

/usr/bin/uname -p = unknown
/bin/uname -X     = unknown

/bin/arch              = unknown
/usr/bin/arch -k       = unknown
/usr/convex/getsysinfo = unknown
/usr/bin/hostinfo      = unknown
/bin/machine           = unknown
/usr/bin/oslevel       = unknown
/bin/universe          = unknown

PATH: /usr/local/sbin
PATH: /usr/local/bin
PATH: /usr/sbin
PATH: /usr/bin
PATH: /sbin
PATH: /bin
PATH: /usr/games
PATH: /usr/local/games
PATH: /mnt/admin/scripts
PATH: .


## ----------- ##
## Core tests. ##
## ----------- ##

configure:1739: checking whether make sets $(MAKE)
configure:1760: result: yes
configure:1773: checking for gawk
configure:1789: found /usr/bin/gawk
configure:1800: result: gawk
configure:1859: checking for gcc
configure:1875: found /usr/bin/gcc
configure:1886: result: gcc
configure:2124: checking for C compiler version
configure:2131: gcc --version >&5
gcc (Ubuntu 7.4.0-1ubuntu1~18.04.1) 7.4.0
Copyright (C) 2017 Free Software Foundation, Inc.
This is free software; see the source for copying conditions.  There is NO
warranty; not even for MERCHANTABILITY or FITNESS FOR A PARTICULAR PURPOSE.

configure:2134: $? = 0
configure:2141: gcc -v >&5
Using built-in specs.
COLLECT_GCC=gcc
COLLECT_LTO_WRAPPER=/usr/lib/gcc/x86_64-linux-gnu/7/lto-wrapper
OFFLOAD_TARGET_NAMES=nvptx-none
OFFLOAD_TARGET_DEFAULT=1
Target: x86_64-linux-gnu
Configured with: ../src/configure -v --with-pkgversion='Ubuntu 7.4.0-1ubuntu1~18.04.1' --with-bugurl=file:///usr/share/doc/gcc-7/README.Bugs --enable-languages=c,ada,c++,go,brig,d,fortran,objc,obj-c++ --prefix=/usr --with-gcc-major-version-only --program-suffix=-7 --program-prefix=x86_64-linux-gnu- --enable-shared --enable-linker-build-id --libexecdir=/usr/lib --without-included-gettext --enable-threads=posix --libdir=/usr/lib --enable-nls --with-sysroot=/ --enable-clocale=gnu --enable-libstdcxx-debug --enable-libstdcxx-time=yes --with-default-libstdcxx-abi=new --enable-gnu-unique-object --disable-vtable-verify --enable-libmpx --enable-plugin --enable-default-pie --with-system-zlib --with-target-system-zlib --enable-objc-gc=auto --enable-multiarch --disable-werror --with-arch-32=i686 --with-abi=m64 --with-multilib-list=m32,m64,mx32 --enable-multilib --with-tune=generic --enable-offload-targets=nvptx-none --without-cuda-driver --enable-checking=release --build=x86_64-linux-gnu --host=x86_64-linux-gnu --target=x86_64-linux-gnu
Thread model: posix
gcc version 7.4.0 (Ubuntu 7.4.0-1ubuntu1~18.04.1) 
configure:2144: $? = 0
configure:2151: gcc -V >&5
gcc: error: unrecognized command line option '-V'
gcc: fatal error: no input files
compilation terminated.
configure:2154: $? = 1
configure:2177: checking for C compiler default output file name
configure:2204: gcc    conftest.c  >&5
configure:2207: $? = 0
configure:2245: result: a.out
configure:2262: checking whether the C compiler works
configure:2272: ./a.out
configure:2275: $? = 0
configure:2292: result: yes
configure:2299: checking whether we are cross compiling
configure:2301: result: no
configure:2304: checking for suffix of executables
configure:2311: gcc -o conftest    conftest.c  >&5
configure:2314: $? = 0
configure:2338: result: 
configure:2344: checking for suffix of object files
configure:2370: gcc -c   conftest.c >&5
configure:2373: $? = 0
configure:2396: result: o
configure:2400: checking whether we are using the GNU C compiler
configure:2429: gcc -c   conftest.c >&5
configure:2435: $? = 0
configure:2452: result: yes
configure:2457: checking whether gcc accepts -g
configure:2487: gcc -c -g  conftest.c >&5
configure:2493: $? = 0
configure:2592: result: yes
configure:2609: checking for gcc option to accept ISO C89
configure:2683: gcc  -c -g -O2  conftest.c >&5
configure:2689: $? = 0
configure:2712: result: none needed
configure:2774: checking for a BSD-compatible install
configure:2830: result: /usr/bin/install -c
configure:2841: checking whether ln -s works
configure:2845: result: yes
configure:2895: checking for ranlib
configure:2911: found /usr/bin/ranlib
configure:2922: result: ranlib
configure:2951: checking for main in -lX11
configure:2980: gcc -o conftest -g -O2   conftest.c -lX11   >&5
/usr/bin/ld: cannot find -lX11
collect2: error: ld returned 1 exit status
configure:2986: $? = 1
configure: failed program was:
| /* confdefs.h.  */
| #define PACKAGE_NAME "HTK"
| #define PACKAGE_TARNAME "htk"
| #define PACKAGE_VERSION "3.4.1"
| #define PACKAGE_STRING "HTK 3.4.1"
| #define PACKAGE_BUGREPORT "htk-mgr@eng.cam.ac.uk"
| /* end confdefs.h.  */
| 
| 
| int
| main ()
| {
| return main ();
|   ;
|   return 0;
| }
configure:3004: result: no
configure:3016: checking for main in -lm
configure:3045: gcc -o conftest -g -O2   conftest.c -lm   >&5
configure:3051: $? = 0
configure:3069: result: yes
configure:3088: checking how to run the C preprocessor
configure:3128: gcc -E  conftest.c
configure:3134: $? = 0
configure:3165: gcc -E  conftest.c
conftest.c:9:10: fatal error: ac_nonexistent.h: No such file or directory
 #include <ac_nonexistent.h>
          ^~~~~~~~~~~~~~~~~~
compilation terminated.
configure:3171: $? = 1
configure: failed program was:
| /* confdefs.h.  */
| #define PACKAGE_NAME "HTK"
| #define PACKAGE_TARNAME "htk"
| #define PACKAGE_VERSION "3.4.1"
| #define PACKAGE_STRING "HTK 3.4.1"
| #define PACKAGE_BUGREPORT "htk-mgr@eng.cam.ac.uk"
| #define HAVE_LIBM 1
| /* end confdefs.h.  */
| #include <ac_nonexistent.h>
configure:3204: result: gcc -E
configure:3233: gcc -E  conftest.c
configure:3239: $? = 0
configure:3270: gcc -E  conftest.c
conftest.c:9:10: fatal error: ac_nonexistent.h: No such file or directory
 #include <ac_nonexistent.h>
          ^~~~~~~~~~~~~~~~~~
compilation terminated.
configure:3276: $? = 1
configure: failed program was:
| /* confdefs.h.  */
| #define PACKAGE_NAME "HTK"
| #define PACKAGE_TARNAME "htk"
| #define PACKAGE_VERSION "3.4.1"
| #define PACKAGE_STRING "HTK 3.4.1"
| #define PACKAGE_BUGREPORT "htk-mgr@eng.cam.ac.uk"
| #define HAVE_LIBM 1
| /* end confdefs.h.  */
| #include <ac_nonexistent.h>
configure:3314: checking for X
configure:3538: result: disabled
configure:3553: checking for grep that handles long lines and -e
configure:3627: result: /bin/grep
configure:3632: checking for egrep
configure:3710: result: /bin/grep -E
configure:3715: checking for ANSI C header files
configure:3745: gcc -c -g -O2  conftest.c >&5
configure:3751: $? = 0
configure:3850: gcc -o conftest -g -O2   conftest.c -lm  >&5
configure:3853: $? = 0
configure:3859: ./conftest
configure:3862: $? = 0
configure:3879: result: yes
configure:3903: checking for sys/types.h
configure:3924: gcc -c -g -O2  conftest.c >&5
configure:3930: $? = 0
configure:3946: result: yes
configure:3903: checking for sys/stat.h
configure:3924: gcc -c -g -O2  conftest.c >&5
configure:3930: $? = 0
configure:3946: result: yes
configure:3903: checking for stdlib.h
configure:3924: gcc -c -g -O2  conftest.c >&5
configure:3930: $? = 0
configure:3946: result: yes
configure:3903: checking for string.h
configure:3924: gcc -c -g -O2  conftest.c >&5
configure:3930: $? = 0
configure:3946: result: yes
configure:3903: checking for memory.h
configure:3924: gcc -c -g -O2  conftest.c >&5
configure:3930: $? = 0
configure:3946: result: yes
configure:3903: checking for strings.h
configure:3924: gcc -c -g -O2  conftest.c >&5
configure:3930: $? = 0
configure:3946: result: yes
configure:3903: checking for inttypes.h
configure:3924: gcc -c -g -O2  conftest.c >&5
configure:3930: $? = 0
configure:3946: result: yes
configure:3903: checking for stdint.h
configure:3924: gcc -c -g -O2  conftest.c >&5
configure:3930: $? = 0
configure:3946: result: yes
configure:3903: checking for unistd.h
configure:3924: gcc -c -g -O2  conftest.c >&5
configure:3930: $? = 0
configure:3946: result: yes
configure:3984: checking errno.h usability
configure:4001: gcc -c -g -O2  conftest.c >&5
configure:4007: $? = 0
configure:4021: result: yes
configure:4025: checking errno.h presence
configure:4040: gcc -E  conftest.c
configure:4046: $? = 0
configure:4060: result: yes
configure:4093: checking for errno.h
configure:4101: result: yes
configure:3984: checking fcntl.h usability
configure:4001: gcc -c -g -O2  conftest.c >&5
configure:4007: $? = 0
configure:4021: result: yes
configure:4025: checking fcntl.h presence
configure:4040: gcc -E  conftest.c
configure:4046: $? = 0
configure:4060: result: yes
configure:4093: checking for fcntl.h
configure:4101: result: yes
configure:3984: checking float.h usability
configure:4001: gcc -c -g -O2  conftest.c >&5
configure:4007: $? = 0
configure:4021: result: yes
configure:4025: checking float.h presence
configure:4040: gcc -E  conftest.c
configure:4046: $? = 0
configure:4060: result: yes
configure:4093: checking for float.h
configure:4101: result: yes
configure:3984: checking limits.h usability
configure:4001: gcc -c -g -O2  conftest.c >&5
configure:4007: $? = 0
configure:4021: result: yes
configure:4025: checking limits.h presence
configure:4040: gcc -E  conftest.c
configure:4046: $? = 0
configure:4060: result: yes
configure:4093: checking for limits.h
configure:4101: result: yes
configure:3984: checking malloc.h usability
configure:4001: gcc -c -g -O2  conftest.c >&5
configure:4007: $? = 0
configure:4021: result: yes
configure:4025: checking malloc.h presence
configure:4040: gcc -E  conftest.c
configure:4046: $? = 0
configure:4060: result: yes
configure:4093: checking for malloc.h
configure:4101: result: yes
configure:3974: checking for memory.h
configure:3980: result: yes
configure:3974: checking for stdlib.h
configure:3980: result: yes
configure:3974: checking for string.h
configure:3980: result: yes
configure:3984: checking sys/ioctl.h usability
configure:4001: gcc -c -g -O2  conftest.c >&5
configure:4007: $? = 0
configure:4021: result: yes
configure:4025: checking sys/ioctl.h presence
configure:4040: gcc -E  conftest.c
configure:4046: $? = 0
configure:4060: result: yes
configure:4093: checking for sys/ioctl.h
configure:4101: result: yes
configure:3984: checking sys/socket.h usability
configure:4001: gcc -c -g -O2  conftest.c >&5
configure:4007: $? = 0
configure:4021: result: yes
configure:4025: checking sys/socket.h presence
configure:4040: gcc -E  conftest.c
configure:4046: $? = 0
configure:4060: result: yes
configure:4093: checking for sys/socket.h
configure:4101: result: yes
configure:3984: checking sys/time.h usability
configure:4001: gcc -c -g -O2  conftest.c >&5
configure:4007: $? = 0
configure:4021: result: yes
configure:4025: checking sys/time.h presence
configure:4040: gcc -E  conftest.c
configure:4046: $? = 0
configure:4060: result: yes
configure:4093: checking for sys/time.h
configure:4101: result: yes
configure:3974: checking for unistd.h
configure:3980: result: yes
configure:4115: checking for an ANSI C-conforming const
configure:4190: gcc -c -g -O2  conftest.c >&5
configure:4196: $? = 0
configure:4211: result: yes
configure:4221: checking for size_t
configure:4251: gcc -c -g -O2  conftest.c >&5
configure:4257: $? = 0
configure:4272: result: yes
configure:4284: checking whether time.h and sys/time.h may both be included
configure:4314: gcc -c -g -O2  conftest.c >&5
configure:4320: $? = 0
configure:4335: result: yes
configure:4345: checking whether struct tm is in sys/time.h or time.h
configure:4375: gcc -c -g -O2  conftest.c >&5
configure:4381: $? = 0
configure:4396: result: time.h
configure:4408: checking whether gcc needs -traditional
configure:4450: result: no
configure:4457: checking for working memcmp
configure:4510: gcc -o conftest -g -O2   conftest.c -lm  >&5
configure:4513: $? = 0
configure:4519: ./conftest
configure:4522: $? = 0
configure:4538: result: yes
configure:4552: checking for stdlib.h
configure:4558: result: yes
configure:4692: checking for GNU libc compatible malloc
configure:4726: gcc -o conftest -g -O2   conftest.c -lm  >&5
configure:4729: $? = 0
configure:4735: ./conftest
configure:4738: $? = 0
configure:4754: result: yes
configure:4782: checking for working strtod
configure:4833: gcc -o conftest -g -O2   conftest.c -lm  >&5
configure:4836: $? = 0
configure:4842: ./conftest
configure:4845: $? = 0
configure:4861: result: yes
configure:5025: checking return type of signal handlers
configure:5053: gcc -c -g -O2  conftest.c >&5
conftest.c: In function 'main':
conftest.c:40:10: error: void value not ignored as it ought to be
 return *(signal (0, 0)) (0) == 1;
         ~^~~~~~~~~~~~~~~~~~
configure:5059: $? = 1
configure: failed program was:
| /* confdefs.h.  */
| #define PACKAGE_NAME "HTK"
| #define PACKAGE_TARNAME "htk"
| #define PACKAGE_VERSION "3.4.1"
| #define PACKAGE_STRING "HTK 3.4.1"
| #define PACKAGE_BUGREPORT "htk-mgr@eng.cam.ac.uk"
| #define HAVE_LIBM 1
| #define STDC_HEADERS 1
| #define HAVE_SYS_TYPES_H 1
| #define HAVE_SYS_STAT_H 1
| #define HAVE_STDLIB_H 1
| #define HAVE_STRING_H 1
| #define HAVE_MEMORY_H 1
| #define HAVE_STRINGS_H 1
| #define HAVE_INTTYPES_H 1
| #define HAVE_STDINT_H 1
| #define HAVE_UNISTD_H 1
| #define HAVE_ERRNO_H 1
| #define HAVE_FCNTL_H 1
| #define HAVE_FLOAT_H 1
| #define HAVE_LIMITS_H 1
| #define HAVE_MALLOC_H 1
| #define HAVE_MEMORY_H 1
| #define HAVE_STDLIB_H 1
| #define HAVE_STRING_H 1
| #define HAVE_SYS_IOCTL_H 1
| #define HAVE_SYS_SOCKET_H 1
| #define HAVE_SYS_TIME_H 1
| #define HAVE_UNISTD_H 1
| #define TIME_WITH_SYS_TIME 1
| #define HAVE_STDLIB_H 1
| #define HAVE_MALLOC 1
| /* end confdefs.h.  */
| #include <sys/types.h>
| #include <signal.h>
| 
| int
| main ()
| {
| return *(signal (0, 0)) (0) == 1;
|   ;
|   return 0;
| }
configure:5074: result: void
configure:5086: checking for vprintf
configure:5142: gcc -o conftest -g -O2   conftest.c -lm  >&5
conftest.c:58:6: warning: conflicting types for built-in function 'vprintf' [-Wbuiltin-declaration-mismatch]
 char vprintf ();
      ^~~~~~~
configure:5148: $? = 0
configure:5166: result: yes
configure:5173: checking for _doprnt
configure:5229: gcc -o conftest -g -O2   conftest.c -lm  >&5
/tmp/ccBmhwvY.o: In function `main':
/mnt/home/jiahong/tools/htk/conftest.c:70: undefined reference to `_doprnt'
collect2: error: ld returned 1 exit status
configure:5235: $? = 1
configure: failed program was:
| /* confdefs.h.  */
| #define PACKAGE_NAME "HTK"
| #define PACKAGE_TARNAME "htk"
| #define PACKAGE_VERSION "3.4.1"
| #define PACKAGE_STRING "HTK 3.4.1"
| #define PACKAGE_BUGREPORT "htk-mgr@eng.cam.ac.uk"
| #define HAVE_LIBM 1
| #define STDC_HEADERS 1
| #define HAVE_SYS_TYPES_H 1
| #define HAVE_SYS_STAT_H 1
| #define HAVE_STDLIB_H 1
| #define HAVE_STRING_H 1
| #define HAVE_MEMORY_H 1
| #define HAVE_STRINGS_H 1
| #define HAVE_INTTYPES_H 1
| #define HAVE_STDINT_H 1
| #define HAVE_UNISTD_H 1
| #define HAVE_ERRNO_H 1
| #define HAVE_FCNTL_H 1
| #define HAVE_FLOAT_H 1
| #define HAVE_LIMITS_H 1
| #define HAVE_MALLOC_H 1
| #define HAVE_MEMORY_H 1
| #define HAVE_STDLIB_H 1
| #define HAVE_STRING_H 1
| #define HAVE_SYS_IOCTL_H 1
| #define HAVE_SYS_SOCKET_H 1
| #define HAVE_SYS_TIME_H 1
| #define HAVE_UNISTD_H 1
| #define TIME_WITH_SYS_TIME 1
| #define HAVE_STDLIB_H 1
| #define HAVE_MALLOC 1
| #define RETSIGTYPE void
| #define HAVE_VPRINTF 1
| /* end confdefs.h.  */
| /* Define _doprnt to an innocuous variant, in case <limits.h> declares _doprnt.
|    For example, HP-UX 11i <limits.h> declares gettimeofday.  */
| #define _doprnt innocuous__doprnt
| 
| /* System header to define __stub macros and hopefully few prototypes,
|     which can conflict with char _doprnt (); below.
|     Prefer <limits.h> to <assert.h> if __STDC__ is defined, since
|     <limits.h> exists even on freestanding compilers.  */
| 
| #ifdef __STDC__
| # include <limits.h>
| #else
| # include <assert.h>
| #endif
| 
| #undef _doprnt
| 
| /* Override any GCC internal prototype to avoid an error.
|    Use char because int might match the return type of a GCC
|    builtin and then its argument prototype would still apply.  */
| #ifdef __cplusplus
| extern "C"
| #endif
| char _doprnt ();
| /* The GNU C library defines this for functions which it implements
|     to always fail with ENOSYS.  Some functions are actually named
|     something starting with __ and the normal name is an alias.  */
| #if defined __stub__doprnt || defined __stub____doprnt
| choke me
| #endif
| 
| int
| main ()
| {
| return _doprnt ();
|   ;
|   return 0;
| }
configure:5252: result: no
configure:5283: checking for floor
configure:5339: gcc -o conftest -g -O2   conftest.c -lm  >&5
conftest.c:59:6: warning: conflicting types for built-in function 'floor' [-Wbuiltin-declaration-mismatch]
 char floor ();
      ^~~~~
configure:5345: $? = 0
configure:5363: result: yes
configure:5283: checking for gettimeofday
configure:5339: gcc -o conftest -g -O2   conftest.c -lm  >&5
configure:5345: $? = 0
configure:5363: result: yes
configure:5283: checking for memmove
configure:5339: gcc -o conftest -g -O2   conftest.c -lm  >&5
conftest.c:61:6: warning: conflicting types for built-in function 'memmove' [-Wbuiltin-declaration-mismatch]
 char memmove ();
      ^~~~~~~
configure:5345: $? = 0
configure:5363: result: yes
configure:5283: checking for memset
configure:5339: gcc -o conftest -g -O2   conftest.c -lm  >&5
conftest.c:62:6: warning: conflicting types for built-in function 'memset' [-Wbuiltin-declaration-mismatch]
 char memset ();
      ^~~~~~
configure:5345: $? = 0
configure:5363: result: yes
configure:5283: checking for modf
configure:5339: gcc -o conftest -g -O2   conftest.c -lm  >&5
conftest.c:63:6: warning: conflicting types for built-in function 'modf' [-Wbuiltin-declaration-mismatch]
 char modf ();
      ^~~~
configure:5345: $? = 0
configure:5363: result: yes
configure:5283: checking for pow
configure:5339: gcc -o conftest -g -O2   conftest.c -lm  >&5
conftest.c:64:6: warning: conflicting types for built-in function 'pow' [-Wbuiltin-declaration-mismatch]
 char pow ();
      ^~~
configure:5345: $? = 0
configure:5363: result: yes
configure:5283: checking for socket
configure:5339: gcc -o conftest -g -O2   conftest.c -lm  >&5
configure:5345: $? = 0
configure:5363: result: yes
configure:5283: checking for sqrt
configure:5339: gcc -o conftest -g -O2   conftest.c -lm  >&5
conftest.c:66:6: warning: conflicting types for built-in function 'sqrt' [-Wbuiltin-declaration-mismatch]
 char sqrt ();
      ^~~~
configure:5345: $? = 0
configure:5363: result: yes
configure:5283: checking for strchr
configure:5339: gcc -o conftest -g -O2   conftest.c -lm  >&5
conftest.c:67:6: warning: conflicting types for built-in function 'strchr' [-Wbuiltin-declaration-mismatch]
 char strchr ();
      ^~~~~~
configure:5345: $? = 0
configure:5363: result: yes
configure:5283: checking for strcspn
configure:5339: gcc -o conftest -g -O2   conftest.c -lm  >&5
conftest.c:68:6: warning: conflicting types for built-in function 'strcspn' [-Wbuiltin-declaration-mismatch]
 char strcspn ();
      ^~~~~~~
configure:5345: $? = 0
configure:5363: result: yes
configure:5283: checking for strrchr
configure:5339: gcc -o conftest -g -O2   conftest.c -lm  >&5
conftest.c:69:6: warning: conflicting types for built-in function 'strrchr' [-Wbuiltin-declaration-mismatch]
 char strrchr ();
      ^~~~~~~
configure:5345: $? = 0
configure:5363: result: yes
configure:5283: checking for strspn
configure:5339: gcc -o conftest -g -O2   conftest.c -lm  >&5
conftest.c:70:6: warning: conflicting types for built-in function 'strspn' [-Wbuiltin-declaration-mismatch]
 char strspn ();
      ^~~~~~
configure:5345: $? = 0
configure:5363: result: yes
configure:5283: checking for strstr
configure:5339: gcc -o conftest -g -O2   conftest.c -lm  >&5
conftest.c:71:6: warning: conflicting types for built-in function 'strstr' [-Wbuiltin-declaration-mismatch]
 char strstr ();
      ^~~~~~
configure:5345: $? = 0
configure:5363: result: yes
configure:5283: checking for strtol
configure:5339: gcc -o conftest -g -O2   conftest.c -lm  >&5
configure:5345: $? = 0
configure:5363: result: yes
configure:5381: checking build system type
configure:5399: result: x86_64-unknown-linux-gnu
configure:5421: checking host system type
configure:5436: result: x86_64-unknown-linux-gnu
configure:5728: creating ./config.status

## ---------------------- ##
## Running config.status. ##
## ---------------------- ##

This file was extended by HTK config.status 3.4.1, which was
generated by GNU Autoconf 2.61.  Invocation command line was

  CONFIG_FILES    = 
  CONFIG_HEADERS  = 
  CONFIG_LINKS    = 
  CONFIG_COMMANDS = 
  $ ./config.status 

on asimov-5.svail.baidu.com

config.status:620: creating HTKLib/Makefile
config.status:755: WARNING:  HTKLib/Makefile.in seems to ignore the --datarootdir setting
config.status:620: creating HTKTools/Makefile
config.status:755: WARNING:  HTKTools/Makefile.in seems to ignore the --datarootdir setting
config.status:620: creating HLMLib/Makefile
config.status:755: WARNING:  HLMLib/Makefile.in seems to ignore the --datarootdir setting
config.status:620: creating HLMTools/Makefile
config.status:755: WARNING:  HLMTools/Makefile.in seems to ignore the --datarootdir setting
config.status:620: creating HTKLVRec/Makefile
config.status:755: WARNING:  HTKLVRec/Makefile.in seems to ignore the --datarootdir setting
config.status:620: creating Makefile
config.status:755: WARNING:  Makefile.in seems to ignore the --datarootdir setting

## ---------------- ##
## Cache variables. ##
## ---------------- ##

ac_cv_build=x86_64-unknown-linux-gnu
ac_cv_c_compiler_gnu=yes
ac_cv_c_const=yes
ac_cv_env_CC_set=
ac_cv_env_CC_value=
ac_cv_env_CFLAGS_set=
ac_cv_env_CFLAGS_value=
ac_cv_env_CPPFLAGS_set=
ac_cv_env_CPPFLAGS_value=
ac_cv_env_CPP_set=
ac_cv_env_CPP_value=
ac_cv_env_LDFLAGS_set=
ac_cv_env_LDFLAGS_value=
ac_cv_env_LIBS_set=
ac_cv_env_LIBS_value=
ac_cv_env_XMKMF_set=
ac_cv_env_XMKMF_value=
ac_cv_env_build_alias_set=
ac_cv_env_build_alias_value=
ac_cv_env_host_alias_set=
ac_cv_env_host_alias_value=
ac_cv_env_target_alias_set=
ac_cv_env_target_alias_value=
ac_cv_func__doprnt=no
ac_cv_func_floor=yes
ac_cv_func_gettimeofday=yes
ac_cv_func_malloc_0_nonnull=yes
ac_cv_func_memcmp_working=yes
ac_cv_func_memmove=yes
ac_cv_func_memset=yes
ac_cv_func_modf=yes
ac_cv_func_pow=yes
ac_cv_func_socket=yes
ac_cv_func_sqrt=yes
ac_cv_func_strchr=yes
ac_cv_func_strcspn=yes
ac_cv_func_strrchr=yes
ac_cv_func_strspn=yes
ac_cv_func_strstr=yes
ac_cv_func_strtod=yes
ac_cv_func_strtol=yes
ac_cv_func_vprintf=yes
ac_cv_header_errno_h=yes
ac_cv_header_fcntl_h=yes
ac_cv_header_float_h=yes
ac_cv_header_inttypes_h=yes
ac_cv_header_limits_h=yes
ac_cv_header_malloc_h=yes
ac_cv_header_memory_h=yes
ac_cv_header_stdc=yes
ac_cv_header_stdint_h=yes
ac_cv_header_stdlib_h=yes
ac_cv_header_string_h=yes
ac_cv_header_strings_h=yes
ac_cv_header_sys_ioctl_h=yes
ac_cv_header_sys_socket_h=yes
ac_cv_header_sys_stat_h=yes
ac_cv_header_sys_time_h=yes
ac_cv_header_sys_types_h=yes
ac_cv_header_time=yes
ac_cv_header_unistd_h=yes
ac_cv_host=x86_64-unknown-linux-gnu
ac_cv_lib_X11_main=no
ac_cv_lib_m_main=yes
ac_cv_objext=o
ac_cv_path_EGREP='/bin/grep -E'
ac_cv_path_GREP=/bin/grep
ac_cv_path_install='/usr/bin/install -c'
ac_cv_prog_AWK=gawk
ac_cv_prog_CPP='gcc -E'
ac_cv_prog_ac_ct_CC=gcc
ac_cv_prog_ac_ct_RANLIB=ranlib
ac_cv_prog_cc_c89=
ac_cv_prog_cc_g=yes
ac_cv_prog_gcc_traditional=no
ac_cv_prog_make_make_set=yes
ac_cv_struct_tm=time.h
ac_cv_type_signal=void
ac_cv_type_size_t=yes

## ----------------- ##
## Output variables. ##
## ----------------- ##

AWK='gawk'
BINARY_EXTENSION=''
CC='gcc'
CFLAGS='-m32 -ansi -D_SVID_SOURCE -DOSS_AUDIO -D'\''ARCH="x86_64"'\'' -Wall -Wno-switch -g -O2'
CPP='gcc -E'
CPPFLAGS=''
DEFS='-DHAVE_CONFIG_H'
ECHO_C=''
ECHO_N='-n'
ECHO_T=''
EGREP='/bin/grep -E'
EXEEXT=''
GREP='/bin/grep'
HGRAF='HGraf.null.o'
HSLAB=''
INSTALL_DATA='${INSTALL} -m 644'
INSTALL_PROGRAM='${INSTALL}'
INSTALL_SCRIPT='${INSTALL}'
LDFLAGS='-L/usr/X11R6/lib '
LIBOBJS=''
LIBS='-lm '
LN_S='ln -s'
LTLIBOBJS=''
OBJEXT='o'
PACKAGE_BUGREPORT='htk-mgr@eng.cam.ac.uk'
PACKAGE_NAME='HTK'
PACKAGE_STRING='HTK 3.4.1'
PACKAGE_TARNAME='htk'
PACKAGE_VERSION='3.4.1'
PATH_SEPARATOR=':'
POW_LIB=''
RANLIB='ranlib'
SET_MAKE=''
SHELL='/bin/bash'
TRADHTK=''
TRADHTKBIN='linux'
XMKMF=''
ac_ct_CC='gcc'
bindir='${exec_prefix}/bin'
build='x86_64-unknown-linux-gnu'
build_alias=''
build_cpu='x86_64'
build_os='linux-gnu'
build_vendor='unknown'
datadir='${datarootdir}'
datarootdir='${prefix}/share'
docdir='${datarootdir}/doc/${PACKAGE_TARNAME}'
dvidir='${docdir}'
exec_prefix='${prefix}'
host='x86_64-unknown-linux-gnu'
host_alias=''
host_cpu='x86_64'
host_os='linux-gnu'
host_vendor='unknown'
htmldir='${docdir}'
includedir='${prefix}/include'
infodir='${datarootdir}/info'
libdir='${exec_prefix}/lib'
libexecdir='${exec_prefix}/libexec'
localedir='${datarootdir}/locale'
localstatedir='${prefix}/var'
make_all='htktools hlmtools'
make_install='install-htktools install-hlmtools'
mandir='${datarootdir}/man'
oldincludedir='/usr/include'
pdfdir='${docdir}'
prefix='/usr/local'
program_transform_name='s,x,x,'
psdir='${docdir}'
sbindir='${exec_prefix}/sbin'
sharedstatedir='${prefix}/com'
sysconfdir='${prefix}/etc'
target_alias=''

## ----------- ##
## confdefs.h. ##
## ----------- ##

#define PACKAGE_NAME "HTK"
#define PACKAGE_TARNAME "htk"
#define PACKAGE_VERSION "3.4.1"
#define PACKAGE_STRING "HTK 3.4.1"
#define PACKAGE_BUGREPORT "htk-mgr@eng.cam.ac.uk"
#define HAVE_LIBM 1
#define STDC_HEADERS 1
#define HAVE_SYS_TYPES_H 1
#define HAVE_SYS_STAT_H 1
#define HAVE_STDLIB_H 1
#define HAVE_STRING_H 1
#define HAVE_MEMORY_H 1
#define HAVE_STRINGS_H 1
#define HAVE_INTTYPES_H 1
#define HAVE_STDINT_H 1
#define HAVE_UNISTD_H 1
#define HAVE_ERRNO_H 1
#define HAVE_FCNTL_H 1
#define HAVE_FLOAT_H 1
#define HAVE_LIMITS_H 1
#define HAVE_MALLOC_H 1
#define HAVE_MEMORY_H 1
#define HAVE_STDLIB_H 1
#define HAVE_STRING_H 1
#define HAVE_SYS_IOCTL_H 1
#define HAVE_SYS_SOCKET_H 1
#define HAVE_SYS_TIME_H 1
#define HAVE_UNISTD_H 1
#define TIME_WITH_SYS_TIME 1
#define HAVE_STDLIB_H 1
#define HAVE_MALLOC 1
#define RETSIGTYPE void
#define HAVE_VPRINTF 1
#define HAVE_FLOOR 1
#define HAVE_GETTIMEOFDAY 1
#define HAVE_MEMMOVE 1
#define HAVE_MEMSET 1
#define HAVE_MODF 1
#define HAVE_POW 1
#define HAVE_SOCKET 1
#define HAVE_SQRT 1
#define HAVE_STRCHR 1
#define HAVE_STRCSPN 1
#define HAVE_STRRCHR 1
#define HAVE_STRSPN 1
#define HAVE_STRSTR 1
#define HAVE_STRTOL 1

configure: exit 0
